<?xml version="1.0" encoding="UTF-8"?>
<testng-results ignored="0" total="2" passed="2" failed="0" skipped="0">
  <reporter-output>
  </reporter-output>
  <suite started-at="2024-02-10T18:04:59 IST" name="Suite" finished-at="2024-02-10T18:05:11 IST" duration-ms="11860">
    <groups>
      <group name="regression">
        <method signature="TC_001_AccountRegistrationTest.test_Account_Registration()[pri:1, instance:testCases.TC_001_AccountRegistrationTest@9f116cc]" name="test_Account_Registration" class="testCases.TC_001_AccountRegistrationTest"/>
      </group> <!-- regression -->
      <group name="sanity">
        <method signature="TC_002_LoginTest.loginTest()[pri:2, instance:testCases.TC_002_LoginTest@2a798d51]" name="loginTest" class="testCases.TC_002_LoginTest"/>
      </group> <!-- sanity -->
      <group name="master">
        <method signature="TC_001_AccountRegistrationTest.test_Account_Registration()[pri:1, instance:testCases.TC_001_AccountRegistrationTest@9f116cc]" name="test_Account_Registration" class="testCases.TC_001_AccountRegistrationTest"/>
        <method signature="TC_002_LoginTest.loginTest()[pri:2, instance:testCases.TC_002_LoginTest@2a798d51]" name="loginTest" class="testCases.TC_002_LoginTest"/>
      </group> <!-- master -->
    </groups>
    <test started-at="2024-02-10T18:04:59 IST" name="Test" finished-at="2024-02-10T18:05:11 IST" duration-ms="11860">
      <class name="testCases.TC_001_AccountRegistrationTest">
        <test-method is-config="true" signature="setup(java.lang.String,java.lang.String)[pri:0, instance:testCases.TC_001_AccountRegistrationTest@9f116cc]" started-at="2024-02-10T18:04:59 IST" name="setup" finished-at="2024-02-10T18:05:04 IST" duration-ms="4586" status="PASS">
          <params>
            <param index="0">
              <value>
                <![CDATA[chrome]]>
              </value>
            </param>
            <param index="1">
              <value>
                <![CDATA[windows]]>
              </value>
            </param>
          </params>
          <reporter-output>
          </reporter-output>
        </test-method> <!-- setup -->
        <test-method signature="test_Account_Registration()[pri:1, instance:testCases.TC_001_AccountRegistrationTest@9f116cc]" started-at="2024-02-10T18:05:04 IST" name="test_Account_Registration" finished-at="2024-02-10T18:05:05 IST" duration-ms="1607" status="PASS">
          <reporter-output>
          </reporter-output>
        </test-method> <!-- test_Account_Registration -->
        <test-method is-config="true" signature="tearDown()[pri:0, instance:testCases.TC_001_AccountRegistrationTest@9f116cc]" started-at="2024-02-10T18:05:05 IST" name="tearDown" finished-at="2024-02-10T18:05:06 IST" duration-ms="294" status="PASS">
          <reporter-output>
          </reporter-output>
        </test-method> <!-- tearDown -->
      </class> <!-- testCases.TC_001_AccountRegistrationTest -->
      <class name="testCases.TC_002_LoginTest">
        <test-method is-config="true" signature="setup(java.lang.String,java.lang.String)[pri:0, instance:testCases.TC_002_LoginTest@2a798d51]" started-at="2024-02-10T18:05:06 IST" name="setup" finished-at="2024-02-10T18:05:08 IST" duration-ms="2651" status="PASS">
          <params>
            <param index="0">
              <value>
                <![CDATA[chrome]]>
              </value>
            </param>
            <param index="1">
              <value>
                <![CDATA[windows]]>
              </value>
            </param>
          </params>
          <reporter-output>
          </reporter-output>
        </test-method> <!-- setup -->
        <test-method signature="loginTest()[pri:2, instance:testCases.TC_002_LoginTest@2a798d51]" started-at="2024-02-10T18:05:08 IST" name="loginTest" finished-at="2024-02-10T18:05:10 IST" duration-ms="1931" status="PASS">
          <reporter-output>
          </reporter-output>
        </test-method> <!-- loginTest -->
        <test-method is-config="true" signature="tearDown()[pri:0, instance:testCases.TC_002_LoginTest@2a798d51]" started-at="2024-02-10T18:05:10 IST" name="tearDown" finished-at="2024-02-10T18:05:11 IST" duration-ms="280" status="PASS">
          <reporter-output>
          </reporter-output>
        </test-method> <!-- tearDown -->
      </class> <!-- testCases.TC_002_LoginTest -->
    </test> <!-- Test -->
  </suite> <!-- Suite -->
</testng-results>
