<?xml version="1.0" encoding="UTF-8"?>
<testng-results ignored="0" total="2" passed="2" failed="0" skipped="0">
  <reporter-output>
  </reporter-output>
  <suite started-at="2024-02-11T10:33:23 IST" name="Suite" finished-at="2024-02-11T10:33:35 IST" duration-ms="12333">
    <groups>
      <group name="regression">
        <method signature="TC_001_AccountRegistrationTest.test_Account_Registration()[pri:1, instance:testCases.TC_001_AccountRegistrationTest@9f116cc]" name="test_Account_Registration" class="testCases.TC_001_AccountRegistrationTest"/>
      </group> <!-- regression -->
      <group name="sanity">
        <method signature="TC_002_LoginTest.loginTest()[pri:2, instance:testCases.TC_002_LoginTest@2a798d51]" name="loginTest" class="testCases.TC_002_LoginTest"/>
      </group> <!-- sanity -->
      <group name="master">
        <method signature="TC_001_AccountRegistrationTest.test_Account_Registration()[pri:1, instance:testCases.TC_001_AccountRegistrationTest@9f116cc]" name="test_Account_Registration" class="testCases.TC_001_AccountRegistrationTest"/>
        <method signature="TC_002_LoginTest.loginTest()[pri:2, instance:testCases.TC_002_LoginTest@2a798d51]" name="loginTest" class="testCases.TC_002_LoginTest"/>
      </group> <!-- master -->
    </groups>
    <test started-at="2024-02-11T10:33:23 IST" name="Test" finished-at="2024-02-11T10:33:35 IST" duration-ms="12333">
      <class name="testCases.TC_001_AccountRegistrationTest">
        <test-method is-config="true" signature="setup(java.lang.String,java.lang.String)[pri:0, instance:testCases.TC_001_AccountRegistrationTest@9f116cc]" started-at="2024-02-11T10:33:24 IST" name="setup" finished-at="2024-02-11T10:33:28 IST" duration-ms="4983" status="PASS">
          <params>
            <param index="0">
              <value>
                <![CDATA[chrome]]>
              </value>
            </param>
            <param index="1">
              <value>
                <![CDATA[windows]]>
              </value>
            </param>
          </params>
          <reporter-output>
          </reporter-output>
        </test-method> <!-- setup -->
        <test-method signature="test_Account_Registration()[pri:1, instance:testCases.TC_001_AccountRegistrationTest@9f116cc]" started-at="2024-02-11T10:33:29 IST" name="test_Account_Registration" finished-at="2024-02-11T10:33:30 IST" duration-ms="1628" status="PASS">
          <reporter-output>
          </reporter-output>
        </test-method> <!-- test_Account_Registration -->
        <test-method is-config="true" signature="tearDown()[pri:0, instance:testCases.TC_001_AccountRegistrationTest@9f116cc]" started-at="2024-02-11T10:33:30 IST" name="tearDown" finished-at="2024-02-11T10:33:30 IST" duration-ms="274" status="PASS">
          <reporter-output>
          </reporter-output>
        </test-method> <!-- tearDown -->
      </class> <!-- testCases.TC_001_AccountRegistrationTest -->
      <class name="testCases.TC_002_LoginTest">
        <test-method is-config="true" signature="setup(java.lang.String,java.lang.String)[pri:0, instance:testCases.TC_002_LoginTest@2a798d51]" started-at="2024-02-11T10:33:30 IST" name="setup" finished-at="2024-02-11T10:33:33 IST" duration-ms="2807" status="PASS">
          <params>
            <param index="0">
              <value>
                <![CDATA[chrome]]>
              </value>
            </param>
            <param index="1">
              <value>
                <![CDATA[windows]]>
              </value>
            </param>
          </params>
          <reporter-output>
          </reporter-output>
        </test-method> <!-- setup -->
        <test-method signature="loginTest()[pri:2, instance:testCases.TC_002_LoginTest@2a798d51]" started-at="2024-02-11T10:33:33 IST" name="loginTest" finished-at="2024-02-11T10:33:35 IST" duration-ms="1851" status="PASS">
          <reporter-output>
          </reporter-output>
        </test-method> <!-- loginTest -->
        <test-method is-config="true" signature="tearDown()[pri:0, instance:testCases.TC_002_LoginTest@2a798d51]" started-at="2024-02-11T10:33:35 IST" name="tearDown" finished-at="2024-02-11T10:33:35 IST" duration-ms="224" status="PASS">
          <reporter-output>
          </reporter-output>
        </test-method> <!-- tearDown -->
      </class> <!-- testCases.TC_002_LoginTest -->
    </test> <!-- Test -->
  </suite> <!-- Suite -->
</testng-results>
