<?xml version="1.0" encoding="UTF-8"?>
<testng-results ignored="0" total="2" passed="2" failed="0" skipped="0">
  <reporter-output>
  </reporter-output>
  <suite started-at="2024-02-10T13:25:10 IST" name="Suite" finished-at="2024-02-10T13:25:24 IST" duration-ms="14088">
    <groups>
      <group name="regression">
        <method signature="TC_001_AccountRegistrationTest.test_Account_Registration()[pri:1, instance:testCases.TC_001_AccountRegistrationTest@2b662a77]" name="test_Account_Registration" class="testCases.TC_001_AccountRegistrationTest"/>
      </group> <!-- regression -->
      <group name="sanity">
        <method signature="TC_002_LoginTest.loginTest()[pri:2, instance:testCases.TC_002_LoginTest@49139829]" name="loginTest" class="testCases.TC_002_LoginTest"/>
      </group> <!-- sanity -->
      <group name="master">
        <method signature="TC_001_AccountRegistrationTest.test_Account_Registration()[pri:1, instance:testCases.TC_001_AccountRegistrationTest@2b662a77]" name="test_Account_Registration" class="testCases.TC_001_AccountRegistrationTest"/>
        <method signature="TC_002_LoginTest.loginTest()[pri:2, instance:testCases.TC_002_LoginTest@49139829]" name="loginTest" class="testCases.TC_002_LoginTest"/>
      </group> <!-- master -->
    </groups>
    <test started-at="2024-02-10T13:25:10 IST" name="Test" finished-at="2024-02-10T13:25:24 IST" duration-ms="14088">
      <class name="testCases.TC_001_AccountRegistrationTest">
        <test-method is-config="true" signature="setup(java.lang.String,java.lang.String)[pri:0, instance:testCases.TC_001_AccountRegistrationTest@2b662a77]" started-at="2024-02-10T13:25:10 IST" name="setup" finished-at="2024-02-10T13:25:16 IST" duration-ms="5827" status="PASS">
          <params>
            <param index="0">
              <value>
                <![CDATA[chrome]]>
              </value>
            </param>
            <param index="1">
              <value>
                <![CDATA[windows]]>
              </value>
            </param>
          </params>
          <reporter-output>
          </reporter-output>
        </test-method> <!-- setup -->
        <test-method signature="test_Account_Registration()[pri:1, instance:testCases.TC_001_AccountRegistrationTest@2b662a77]" started-at="2024-02-10T13:25:16 IST" name="test_Account_Registration" finished-at="2024-02-10T13:25:18 IST" duration-ms="2088" status="PASS">
          <reporter-output>
          </reporter-output>
        </test-method> <!-- test_Account_Registration -->
        <test-method is-config="true" signature="tearDown()[pri:0, instance:testCases.TC_001_AccountRegistrationTest@2b662a77]" started-at="2024-02-10T13:25:18 IST" name="tearDown" finished-at="2024-02-10T13:25:19 IST" duration-ms="430" status="PASS">
          <reporter-output>
          </reporter-output>
        </test-method> <!-- tearDown -->
      </class> <!-- testCases.TC_001_AccountRegistrationTest -->
      <class name="testCases.TC_002_LoginTest">
        <test-method is-config="true" signature="setup(java.lang.String,java.lang.String)[pri:0, instance:testCases.TC_002_LoginTest@49139829]" started-at="2024-02-10T13:25:19 IST" name="setup" finished-at="2024-02-10T13:25:21 IST" duration-ms="2849" status="PASS">
          <params>
            <param index="0">
              <value>
                <![CDATA[chrome]]>
              </value>
            </param>
            <param index="1">
              <value>
                <![CDATA[windows]]>
              </value>
            </param>
          </params>
          <reporter-output>
          </reporter-output>
        </test-method> <!-- setup -->
        <test-method signature="loginTest()[pri:2, instance:testCases.TC_002_LoginTest@49139829]" started-at="2024-02-10T13:25:21 IST" name="loginTest" finished-at="2024-02-10T13:25:23 IST" duration-ms="2050" status="PASS">
          <reporter-output>
          </reporter-output>
        </test-method> <!-- loginTest -->
        <test-method is-config="true" signature="tearDown()[pri:0, instance:testCases.TC_002_LoginTest@49139829]" started-at="2024-02-10T13:25:23 IST" name="tearDown" finished-at="2024-02-10T13:25:24 IST" duration-ms="222" status="PASS">
          <reporter-output>
          </reporter-output>
        </test-method> <!-- tearDown -->
      </class> <!-- testCases.TC_002_LoginTest -->
    </test> <!-- Test -->
  </suite> <!-- Suite -->
</testng-results>
